  io_bytearray.cpp
  message.cpp
  message_body_factory.cpp
  message_broadcast_device_online_status.cpp
  message_broadcast_device_realtime_data.cpp
  message_devices_list_item.cpp
  message_device_data_item.cpp
  message_device_id.cpp
  message_device_item_info.cpp
  message_device_realtime_batched_data.cpp
  message_device_realtime_data.cpp
  message_device_realtime_data_item.cpp
  message_error_info.cpp
  message_get_devices_info_rep.cpp
  message_get_devices_info_req.cpp
  message_get_device_data_count_rep.cpp
  message_get_device_data_count_req.cpp
  message_get_device_data_rep.cpp
  message_get_device_data_req.cpp
  message_get_device_list_rep.cpp
  正在生成代码...
  正在编译...
  message_get_device_online_status.cpp
  message_get_device_online_status_rep.cpp
  message_get_device_online_status_rep_item.cpp
  message_header.cpp
  message_heartbeat.cpp
  message_login.cpp
  message_login_rep.cpp
  message_server_time_beijing.cpp
  message_set_device_param.cpp
  message_unrecognized_body_type.cpp
  main.cpp
main.cpp(9): fatal error C1083: 无法打开包括文件: “boost/asio.hpp”: No such file or directory
  正在生成代码...
