e:\gasmonitor\src\server\objs\h2sdeviceemulator\win32\debug\vc140.pdb
e:\gasmonitor\src\server\objs\h2sdeviceemulator\win32\debug\message_get_device_list_rep.obj
e:\gasmonitor\src\server\objs\h2sdeviceemulator\win32\debug\message_get_device_data_req.obj
e:\gasmonitor\src\server\objs\h2sdeviceemulator\win32\debug\message_get_device_data_rep.obj
e:\gasmonitor\src\server\objs\h2sdeviceemulator\win32\debug\message_get_device_data_count_req.obj
e:\gasmonitor\src\server\objs\h2sdeviceemulator\win32\debug\message_get_device_data_count_rep.obj
e:\gasmonitor\src\server\objs\h2sdeviceemulator\win32\debug\message_get_devices_info_req.obj
e:\gasmonitor\src\server\objs\h2sdeviceemulator\win32\debug\message_get_devices_info_rep.obj
e:\gasmonitor\src\server\objs\h2sdeviceemulator\win32\debug\message_error_info.obj
e:\gasmonitor\src\server\objs\h2sdeviceemulator\win32\debug\message_device_realtime_data_item.obj
e:\gasmonitor\src\server\objs\h2sdeviceemulator\win32\debug\message_device_realtime_data.obj
e:\gasmonitor\src\server\objs\h2sdeviceemulator\win32\debug\message_device_realtime_batched_data.obj
e:\gasmonitor\src\server\objs\h2sdeviceemulator\win32\debug\message_device_item_info.obj
e:\gasmonitor\src\server\objs\h2sdeviceemulator\win32\debug\message_device_id.obj
e:\gasmonitor\src\server\objs\h2sdeviceemulator\win32\debug\message_device_data_item.obj
e:\gasmonitor\src\server\objs\h2sdeviceemulator\win32\debug\message_devices_list_item.obj
e:\gasmonitor\src\server\objs\h2sdeviceemulator\win32\debug\message_broadcast_device_realtime_data.obj
e:\gasmonitor\src\server\objs\h2sdeviceemulator\win32\debug\message_broadcast_device_online_status.obj
e:\gasmonitor\src\server\objs\h2sdeviceemulator\win32\debug\message_body_factory.obj
e:\gasmonitor\src\server\objs\h2sdeviceemulator\win32\debug\message.obj
e:\gasmonitor\src\server\objs\h2sdeviceemulator\win32\debug\io_bytearray.obj
e:\gasmonitor\src\server\objs\h2sdeviceemulator\win32\debug\main.obj
e:\gasmonitor\src\server\objs\h2sdeviceemulator\win32\debug\message_unrecognized_body_type.obj
e:\gasmonitor\src\server\objs\h2sdeviceemulator\win32\debug\message_set_device_param.obj
e:\gasmonitor\src\server\objs\h2sdeviceemulator\win32\debug\message_server_time_beijing.obj
e:\gasmonitor\src\server\objs\h2sdeviceemulator\win32\debug\message_login_rep.obj
e:\gasmonitor\src\server\objs\h2sdeviceemulator\win32\debug\message_login.obj
e:\gasmonitor\src\server\objs\h2sdeviceemulator\win32\debug\message_heartbeat.obj
e:\gasmonitor\src\server\objs\h2sdeviceemulator\win32\debug\message_header.obj
e:\gasmonitor\src\server\objs\h2sdeviceemulator\win32\debug\message_get_device_online_status_rep_item.obj
e:\gasmonitor\src\server\objs\h2sdeviceemulator\win32\debug\message_get_device_online_status_rep.obj
e:\gasmonitor\src\server\objs\h2sdeviceemulator\win32\debug\message_get_device_online_status.obj
e:\gasmonitor\src\server\bin\win32\debug\h2sdeviceemulator.ilk
e:\gasmonitor\src\server\bin\win32\debug\h2sdeviceemulator.exe
e:\gasmonitor\src\server\bin\win32\debug\h2sdeviceemulator.pdb
e:\gasmonitor\src\server\h2sdeviceemulator\..\bin\win32\debug\h2sdeviceemulator.pdb
e:\gasmonitor\src\server\h2sdeviceemulator\..\bin\win32\debug\h2sdeviceemulator.exe
e:\gasmonitor\src\server\h2sdeviceemulator\..\bin\win32\debug\h2sdeviceemulator.ilk
e:\gasmonitor\src\server\objs\h2sdeviceemulator\win32\debug\h2sdevic.b12702ad.tlog\cl.command.1.tlog
e:\gasmonitor\src\server\objs\h2sdeviceemulator\win32\debug\h2sdevic.b12702ad.tlog\cl.read.1.tlog
e:\gasmonitor\src\server\objs\h2sdeviceemulator\win32\debug\h2sdevic.b12702ad.tlog\cl.write.1.tlog
e:\gasmonitor\src\server\objs\h2sdeviceemulator\win32\debug\h2sdevic.b12702ad.tlog\link.command.1.tlog
e:\gasmonitor\src\server\objs\h2sdeviceemulator\win32\debug\h2sdevic.b12702ad.tlog\link.read.1.tlog
e:\gasmonitor\src\server\objs\h2sdeviceemulator\win32\debug\h2sdevic.b12702ad.tlog\link.write.1.tlog
