g:\项目整理\锅炉检测\gldetection\release\gldetection.pch
g:\项目整理\锅炉检测\gldetection\release\vc140.pdb
g:\项目整理\锅炉检测\gldetection\release\stdafx.obj
g:\项目整理\锅炉检测\gldetection\release\skinwndhelper.obj
g:\项目整理\锅炉检测\gldetection\release\skinmanager.obj
g:\项目整理\锅炉检测\gldetection\release\duibutton.obj
g:\项目整理\锅炉检测\gldetection\release\readwriteconfig.obj
g:\项目整理\锅炉检测\gldetection\release\mscomm.obj
g:\项目整理\锅炉检测\gldetection\release\logrecord.obj
g:\项目整理\锅炉检测\gldetection\release\gldetectiondlg.obj
g:\项目整理\锅炉检测\gldetection\release\gldetection.obj
g:\项目整理\锅炉检测\bin\gldetection.exe
g:\项目整理\锅炉检测\bin\gldetection.ipdb
g:\项目整理\锅炉检测\bin\gldetection.iobj
g:\项目整理\锅炉检测\bin\gldetection.pdb
g:\项目整理\锅炉检测\gldetection\release\gldetection.res
g:\项目整理\锅炉检测\gldetection\..\bin\gldetection.exe
g:\项目整理\锅炉检测\gldetection\release\gldetection.tlog\cl.command.1.tlog
g:\项目整理\锅炉检测\gldetection\release\gldetection.tlog\cl.read.1.tlog
g:\项目整理\锅炉检测\gldetection\release\gldetection.tlog\cl.write.1.tlog
g:\项目整理\锅炉检测\gldetection\release\gldetection.tlog\link.command.1.tlog
g:\项目整理\锅炉检测\gldetection\release\gldetection.tlog\link.read.1.tlog
g:\项目整理\锅炉检测\gldetection\release\gldetection.tlog\link.write.1.tlog
g:\项目整理\锅炉检测\gldetection\release\gldetection.tlog\rc.command.1.tlog
g:\项目整理\锅炉检测\gldetection\release\gldetection.tlog\rc.read.1.tlog
g:\项目整理\锅炉检测\gldetection\release\gldetection.tlog\rc.write.1.tlog
