e:\gasmonitor\src\server\h2smonitorclient\generatedfiles\debug\moc_qpasswd_dlg.cpp
e:\gasmonitor\src\server\h2smonitorclient\generatedfiles\debug\moc_qdevice_collect_dlg.cpp
e:\gasmonitor\src\server\h2smonitorclient\generatedfiles\debug\moc_qexportwidget.cpp
e:\gasmonitor\src\server\h2smonitorclient\generatedfiles\debug\moc_qquerywarnthread.cpp
e:\gasmonitor\src\server\h2smonitorclient\generatedfiles\debug\moc_qallwarninfowidget.cpp
e:\gasmonitor\src\server\h2smonitorclient\generatedfiles\debug\moc_allwarnmsgmodel.cpp
e:\gasmonitor\src\server\h2smonitorclient\generatedfiles\debug\moc_qcheckdatamodel.cpp
e:\gasmonitor\src\server\h2smonitorclient\generatedfiles\debug\moc_qdataexportthread.cpp
e:\gasmonitor\src\server\h2smonitorclient\generatedfiles\debug\moc_qprocesswidget.cpp
e:\gasmonitor\src\server\h2smonitorclient\generatedfiles\debug\moc_qconnectstate.cpp
e:\gasmonitor\src\server\h2smonitorclient\generatedfiles\debug\moc_qextserialbase.cpp
e:\gasmonitor\src\server\h2smonitorclient\generatedfiles\debug\moc_qextserialport.cpp
e:\gasmonitor\src\server\h2smonitorclient\generatedfiles\debug\moc_win_qextserialport.cpp
e:\gasmonitor\src\server\h2smonitorclient\generatedfiles\debug\moc_qcheckrecvloaddataqueuethread.cpp
e:\gasmonitor\src\server\h2smonitorclient\generatedfiles\debug\moc_qquerydatathread.cpp
e:\gasmonitor\src\server\h2smonitorclient\generatedfiles\debug\moc_qremovedatatobasethread.cpp
e:\gasmonitor\src\server\h2smonitorclient\generatedfiles\debug\moc_qregistdlg.cpp
e:\gasmonitor\src\server\h2smonitorclient\generatedfiles\debug\moc_form_device_data_curve.cpp
e:\gasmonitor\src\server\h2smonitorclient\generatedfiles\debug\moc_form_device_data_curve_container.cpp
e:\gasmonitor\src\server\h2smonitorclient\generatedfiles\debug\moc_form_device_data_table_view.cpp
e:\gasmonitor\src\server\h2smonitorclient\generatedfiles\debug\moc_qmessagethread.cpp
e:\gasmonitor\src\server\h2smonitorclient\generatedfiles\debug\moc_qcustombutton.cpp
e:\gasmonitor\src\server\h2smonitorclient\generatedfiles\debug\moc_qstatebutton.cpp
e:\gasmonitor\src\server\h2smonitorclient\generatedfiles\debug\moc_qinnerwidget.cpp
e:\gasmonitor\src\server\h2smonitorclient\generatedfiles\debug\moc_qdialwidget.cpp
e:\gasmonitor\src\server\h2smonitorclient\generatedfiles\debug\moc_qdatashowwidget.cpp
e:\gasmonitor\src\server\h2smonitorclient\generatedfiles\debug\moc_qphotoshowwidget.cpp
e:\gasmonitor\src\server\h2smonitorclient\generatedfiles\debug\moc_qwaitwidget.cpp
e:\gasmonitor\src\server\h2smonitorclient\generatedfiles\debug\moc_qall_pannel_widget.cpp
e:\gasmonitor\src\server\h2smonitorclient\generatedfiles\debug\moc_qparamsetwidget.cpp
e:\gasmonitor\src\server\h2smonitorclient\generatedfiles\debug\moc_qshowwarndlg.cpp
e:\gasmonitor\src\server\h2smonitorclient\generatedfiles\debug\moc_qshowwarnmodel.cpp
e:\gasmonitor\src\server\h2smonitorclient\generatedfiles\debug\moc_qrunstateinfo_widget.cpp
e:\gasmonitor\src\server\h2smonitorclient\generatedfiles\debug\moc_qcheckrecvsysqueuethread.cpp
e:\gasmonitor\src\server\h2smonitorclient\generatedfiles\debug\moc_h2smonitorclient.cpp
e:\gasmonitor\src\server\h2smonitorclient\generatedfiles\debug\moc_qcheckrecvdataqueuethread.cpp
e:\gasmonitor\src\server\h2smonitorclient\generatedfiles\debug\moc_qioservicethread.cpp
e:\gasmonitor\src\server\h2smonitorclient\generatedfiles\debug\moc_qallpaneltablewidget.cpp
e:\gasmonitor\src\server\h2smonitorclient\generatedfiles\debug\moc_qwarning_widget.cpp
e:\gasmonitor\src\server\h2smonitorclient\generatedfiles\debug\moc_qstateinfomodel.cpp
e:\gasmonitor\src\server\h2smonitorclient\generatedfiles\debug\moc_form_login.cpp
e:\gasmonitor\src\server\h2smonitorclient\generatedfiles\qrc_h2smonitorclient.cpp
e:\gasmonitor\src\server\h2smonitorclient\generatedfiles\ui_h2smonitorclient.h
e:\gasmonitor\src\server\objs\h2smonitorclient\win32\debug\h2smonitorclient.tlog\custombuild.command.1.tlog
e:\gasmonitor\src\server\objs\h2smonitorclient\win32\debug\h2smonitorclient.tlog\custombuild.read.1.tlog
e:\gasmonitor\src\server\objs\h2smonitorclient\win32\debug\h2smonitorclient.tlog\custombuild.write.1.tlog
