g:\项目整理\锅炉检测\gldetection\debug\gldetection.pch
g:\项目整理\锅炉检测\gldetection\debug\vc140.pdb
g:\项目整理\锅炉检测\gldetection\debug\vc140.idb
g:\项目整理\锅炉检测\gldetection\debug\stdafx.obj
g:\项目整理\锅炉检测\gldetection\debug\gldetection.obj
g:\项目整理\锅炉检测\gldetection\debug\logrecord.obj
g:\项目整理\锅炉检测\gldetection\debug\mscomm.obj
g:\项目整理\锅炉检测\gldetection\debug\readwriteconfig.obj
g:\项目整理\锅炉检测\gldetection\debug\duibutton.obj
g:\项目整理\锅炉检测\gldetection\debug\skinmanager.obj
g:\项目整理\锅炉检测\gldetection\debug\skinwndhelper.obj
g:\项目整理\锅炉检测\gldetection\debug\gldetectiondlg.obj
g:\项目整理\锅炉检测\bin\gldetection.ilk
g:\项目整理\锅炉检测\bin\gldetection.exe
g:\项目整理\锅炉检测\bin\gldetection.pdb
g:\项目整理\锅炉检测\gldetection\debug\gldetection.res
g:\润泰茂成工作整理\锅炉检测\gl\src\锅炉检测\gldetection\debug\duibutton.obj
g:\润泰茂成工作整理\锅炉检测\gl\src\锅炉检测\gldetection\debug\gldetection.obj
g:\润泰茂成工作整理\锅炉检测\gl\src\锅炉检测\gldetection\debug\gldetectiondlg.obj
g:\润泰茂成工作整理\锅炉检测\gl\src\锅炉检测\gldetection\debug\logrecord.obj
g:\润泰茂成工作整理\锅炉检测\gl\src\锅炉检测\gldetection\debug\mscomm.obj
g:\润泰茂成工作整理\锅炉检测\gl\src\锅炉检测\gldetection\debug\readwriteconfig.obj
g:\润泰茂成工作整理\锅炉检测\gl\src\锅炉检测\gldetection\debug\skinmanager.obj
g:\润泰茂成工作整理\锅炉检测\gl\src\锅炉检测\gldetection\debug\skinwndhelper.obj
g:\润泰茂成工作整理\锅炉检测\gl\src\锅炉检测\gldetection\debug\stdafx.obj
g:\润泰茂成工作整理\锅炉检测\gl\src\锅炉检测\gldetection\debug\gldetection.res
g:\润泰茂成工作整理\锅炉检测\gl\src\锅炉检测\gldetection\debug\gldetection.pch
g:\润泰茂成工作整理\锅炉检测\gl\src\锅炉检测\gldetection\debug\vc140.idb
g:\润泰茂成工作整理\锅炉检测\gl\src\锅炉检测\gldetection\debug\vc140.pdb
g:\润泰茂成工作整理\锅炉检测\gl\src\锅炉检测\gldetection\..\bin\gldetection.exe
g:\润泰茂成工作整理\锅炉检测\gl\src\锅炉检测\gldetection\debug\gldetection.tlog\cl.command.1.tlog
g:\润泰茂成工作整理\锅炉检测\gl\src\锅炉检测\gldetection\debug\gldetection.tlog\cl.read.1.tlog
g:\润泰茂成工作整理\锅炉检测\gl\src\锅炉检测\gldetection\debug\gldetection.tlog\cl.write.1.tlog
g:\润泰茂成工作整理\锅炉检测\gl\src\锅炉检测\gldetection\debug\gldetection.tlog\link.command.1.tlog
g:\润泰茂成工作整理\锅炉检测\gl\src\锅炉检测\gldetection\debug\gldetection.tlog\link.delete.1.tlog
g:\润泰茂成工作整理\锅炉检测\gl\src\锅炉检测\gldetection\debug\gldetection.tlog\link.read.1.tlog
g:\润泰茂成工作整理\锅炉检测\gl\src\锅炉检测\gldetection\debug\gldetection.tlog\link.write.1.tlog
g:\润泰茂成工作整理\锅炉检测\gl\src\锅炉检测\gldetection\debug\gldetection.tlog\rc.command.1.tlog
g:\润泰茂成工作整理\锅炉检测\gl\src\锅炉检测\gldetection\debug\gldetection.tlog\rc.read.1.tlog
g:\润泰茂成工作整理\锅炉检测\gl\src\锅炉检测\gldetection\debug\gldetection.tlog\rc.write.1.tlog
