e:\gasmonitor\src\server\objs\gasmonitorserver\win32\release\message_get_device_data_rep.obj
e:\gasmonitor\src\server\objs\gasmonitorserver\win32\release\message_get_device_data_count_req.obj
e:\gasmonitor\src\server\objs\gasmonitorserver\win32\release\message_get_device_data_count_rep.obj
e:\gasmonitor\src\server\objs\gasmonitorserver\win32\release\message_get_devices_info_req.obj
e:\gasmonitor\src\server\objs\gasmonitorserver\win32\release\message_get_devices_info_rep.obj
e:\gasmonitor\src\server\objs\gasmonitorserver\win32\release\message_error_info.obj
e:\gasmonitor\src\server\objs\gasmonitorserver\win32\release\message_device_realtime_data_item.obj
e:\gasmonitor\src\server\objs\gasmonitorserver\win32\release\message_device_realtime_data.obj
e:\gasmonitor\src\server\objs\gasmonitorserver\win32\release\message_device_realtime_batched_data.obj
e:\gasmonitor\src\server\objs\gasmonitorserver\win32\release\message_device_item_info.obj
e:\gasmonitor\src\server\objs\gasmonitorserver\win32\release\message_device_id.obj
e:\gasmonitor\src\server\objs\gasmonitorserver\win32\release\message_device_data_item.obj
e:\gasmonitor\src\server\objs\gasmonitorserver\win32\release\message_devices_list_item.obj
e:\gasmonitor\src\server\objs\gasmonitorserver\win32\release\message_broadcast_device_realtime_data.obj
e:\gasmonitor\src\server\objs\gasmonitorserver\win32\release\message_broadcast_device_online_status.obj
e:\gasmonitor\src\server\objs\gasmonitorserver\win32\release\message_body_factory.obj
e:\gasmonitor\src\server\objs\gasmonitorserver\win32\release\message.obj
e:\gasmonitor\src\server\objs\gasmonitorserver\win32\release\io_bytearray.obj
e:\gasmonitor\src\server\objs\gasmonitorserver\win32\release\stack_walker.obj
e:\gasmonitor\src\server\objs\gasmonitorserver\win32\release\dbg_logger.obj
e:\gasmonitor\src\server\objs\gasmonitorserver\win32\release\rig.obj
e:\gasmonitor\src\server\objs\gasmonitorserver\win32\release\oil_field.obj
e:\gasmonitor\src\server\objs\gasmonitorserver\win32\release\device.obj
e:\gasmonitor\src\server\objs\gasmonitorserver\win32\release\business_model.obj
e:\gasmonitor\src\server\objs\gasmonitorserver\win32\release\business_handle_service.obj
e:\gasmonitor\src\server\objs\gasmonitorserver\win32\release\yxydes2.obj
e:\gasmonitor\src\server\objs\gasmonitorserver\win32\release\registration.obj
e:\gasmonitor\src\server\objs\gasmonitorserver\win32\release\global_util.obj
e:\gasmonitor\src\server\objs\gasmonitorserver\win32\release\message_unrecognized_body_type.obj
e:\gasmonitor\src\server\objs\gasmonitorserver\win32\release\message_set_device_param.obj
e:\gasmonitor\src\server\objs\gasmonitorserver\win32\release\message_server_time_beijing.obj
e:\gasmonitor\src\server\objs\gasmonitorserver\win32\release\message_login_rep.obj
e:\gasmonitor\src\server\objs\gasmonitorserver\win32\release\message_login.obj
e:\gasmonitor\src\server\objs\gasmonitorserver\win32\release\message_heartbeat.obj
e:\gasmonitor\src\server\objs\gasmonitorserver\win32\release\message_header.obj
e:\gasmonitor\src\server\objs\gasmonitorserver\win32\release\message_get_device_online_status_rep_item.obj
e:\gasmonitor\src\server\objs\gasmonitorserver\win32\release\message_get_device_online_status_rep.obj
e:\gasmonitor\src\server\objs\gasmonitorserver\win32\release\message_get_device_online_status.obj
e:\gasmonitor\src\server\objs\gasmonitorserver\win32\release\message_get_device_list_rep.obj
e:\gasmonitor\src\server\objs\gasmonitorserver\win32\release\message_get_device_data_req.obj
e:\gasmonitor\src\server\objs\gasmonitorserver\win32\release\device_tree.obj
e:\gasmonitor\src\server\objs\gasmonitorserver\win32\release\user_table_model.obj
e:\gasmonitor\src\server\objs\gasmonitorserver\win32\release\device_table_model.obj
e:\gasmonitor\src\server\objs\gasmonitorserver\win32\release\form_server_control_panel.obj
e:\gasmonitor\src\server\objs\gasmonitorserver\win32\release\form_rig_detail.obj
e:\gasmonitor\src\server\objs\gasmonitorserver\win32\release\form_log_viewer.obj
e:\gasmonitor\src\server\objs\gasmonitorserver\win32\release\form_devices_container.obj
e:\gasmonitor\src\server\objs\gasmonitorserver\win32\release\form_rig_device_detail.obj
e:\gasmonitor\src\server\objs\gasmonitorserver\win32\release\form_registration.obj
e:\gasmonitor\src\server\objs\gasmonitorserver\win32\release\path_collector.obj
e:\gasmonitor\src\server\objs\gasmonitorserver\win32\release\task_service.obj
e:\gasmonitor\src\server\objs\gasmonitorserver\win32\release\tcp_session_message_handler_hub.obj
e:\gasmonitor\src\server\objs\gasmonitorserver\win32\release\tcp_session.obj
e:\gasmonitor\src\server\objs\gasmonitorserver\win32\release\socket_service.obj
e:\gasmonitor\src\server\objs\gasmonitorserver\win32\release\message_handler_hub.obj
e:\gasmonitor\src\server\objs\gasmonitorserver\win32\release\service_hub.obj
e:\gasmonitor\src\server\objs\gasmonitorserver\win32\release\log_service.obj
e:\gasmonitor\src\server\objs\gasmonitorserver\win32\release\db_service.obj
e:\gasmonitor\src\server\objs\gasmonitorserver\win32\release\configuration_service.obj
e:\gasmonitor\src\server\objs\gasmonitorserver\win32\release\user.obj
e:\gasmonitor\src\server\objs\gasmonitorserver\win32\release\windows_service_entry.obj
e:\gasmonitor\src\server\objs\gasmonitorserver\win32\release\main.obj
e:\gasmonitor\src\server\objs\gasmonitorserver\win32\release\h2smonitorserver.obj
e:\gasmonitor\src\server\objs\gasmonitorserver\win32\release\moc_user_table_model.obj
e:\gasmonitor\src\server\objs\gasmonitorserver\win32\release\moc_structs.obj
e:\gasmonitor\src\server\objs\gasmonitorserver\win32\release\moc_rig.obj
e:\gasmonitor\src\server\objs\gasmonitorserver\win32\release\moc_h2smonitorserver.obj
e:\gasmonitor\src\server\objs\gasmonitorserver\win32\release\moc_form_server_control_panel.obj
e:\gasmonitor\src\server\objs\gasmonitorserver\win32\release\moc_form_rig_device_detail.obj
e:\gasmonitor\src\server\objs\gasmonitorserver\win32\release\moc_form_rig_detail.obj
e:\gasmonitor\src\server\objs\gasmonitorserver\win32\release\moc_form_registration.obj
e:\gasmonitor\src\server\objs\gasmonitorserver\win32\release\moc_form_log_viewer.obj
e:\gasmonitor\src\server\objs\gasmonitorserver\win32\release\moc_form_devices_container.obj
e:\gasmonitor\src\server\objs\gasmonitorserver\win32\release\moc_device_tree_node.obj
e:\gasmonitor\src\server\objs\gasmonitorserver\win32\release\moc_device_tree_model.obj
e:\gasmonitor\src\server\objs\gasmonitorserver\win32\release\moc_device_tree.obj
e:\gasmonitor\src\server\objs\gasmonitorserver\win32\release\moc_device_table_model.obj
e:\gasmonitor\src\server\objs\gasmonitorserver\win32\release\device_tree_node.obj
e:\gasmonitor\src\server\objs\gasmonitorserver\win32\release\device_tree_model.obj
e:\gasmonitor\src\server\objs\gasmonitorserver\win32\release\qrc_h2smonitorserver.obj
e:\gasmonitor\src\server\h2smonitorserver\generatedfiles\release\moc_h2smonitorserver.cpp
e:\gasmonitor\src\server\h2smonitorserver\generatedfiles\ui_h2smonitorserver.h
e:\gasmonitor\src\server\h2smonitorserver\generatedfiles\release\moc_device_table_model.cpp
e:\gasmonitor\src\server\h2smonitorserver\generatedfiles\release\moc_device_tree.cpp
e:\gasmonitor\src\server\h2smonitorserver\generatedfiles\release\moc_form_rig_detail.cpp
e:\gasmonitor\src\server\h2smonitorserver\generatedfiles\release\moc_user_table_model.cpp
e:\gasmonitor\src\server\h2smonitorserver\generatedfiles\release\moc_form_registration.cpp
e:\gasmonitor\src\server\h2smonitorserver\generatedfiles\release\moc_form_devices_container.cpp
e:\gasmonitor\src\server\h2smonitorserver\generatedfiles\release\moc_form_rig_device_detail.cpp
e:\gasmonitor\src\server\h2smonitorserver\generatedfiles\release\moc_form_server_control_panel.cpp
e:\gasmonitor\src\server\h2smonitorserver\generatedfiles\release\moc_rig.cpp
e:\gasmonitor\src\server\h2smonitorserver\generatedfiles\release\moc_device_tree_node.cpp
e:\gasmonitor\src\server\h2smonitorserver\generatedfiles\release\moc_device_tree_model.cpp
e:\gasmonitor\src\server\h2smonitorserver\generatedfiles\release\moc_structs.cpp
e:\gasmonitor\src\server\h2smonitorserver\generatedfiles\release\moc_form_log_viewer.cpp
e:\gasmonitor\src\server\h2smonitorserver\generatedfiles\qrc_h2smonitorserver.cpp
e:\gasmonitor\src\server\bin\win32\release\gasmonitorserver.ilk
e:\gasmonitor\src\server\bin\win32\release\gasmonitorserver.exe
e:\gasmonitor\src\server\bin\win32\release\gasmonitorserver.map
e:\gasmonitor\src\server\bin\win32\release\gasmonitorserver.pdb
e:\gasmonitor\src\server\objs\gasmonitorserver\win32\release\version.res
e:\gasmonitor\src\server\h2smonitorserver\..\bin\win32\release\gasmonitorserver.pdb
e:\gasmonitor\src\server\h2smonitorserver\..\bin\win32\release\gasmonitorserver.exe
e:\gasmonitor\src\server\h2smonitorserver\..\bin\win32\release\gasmonitorserver.ilk
e:\gasmonitor\src\server\objs\gasmonitorserver\win32\release\gasmonitorserver.tlog\cl.command.1.tlog
e:\gasmonitor\src\server\objs\gasmonitorserver\win32\release\gasmonitorserver.tlog\cl.read.1.tlog
e:\gasmonitor\src\server\objs\gasmonitorserver\win32\release\gasmonitorserver.tlog\cl.write.1.tlog
e:\gasmonitor\src\server\objs\gasmonitorserver\win32\release\gasmonitorserver.tlog\custombuild.command.1.tlog
e:\gasmonitor\src\server\objs\gasmonitorserver\win32\release\gasmonitorserver.tlog\custombuild.read.1.tlog
e:\gasmonitor\src\server\objs\gasmonitorserver\win32\release\gasmonitorserver.tlog\custombuild.write.1.tlog
e:\gasmonitor\src\server\objs\gasmonitorserver\win32\release\gasmonitorserver.tlog\link.command.1.tlog
e:\gasmonitor\src\server\objs\gasmonitorserver\win32\release\gasmonitorserver.tlog\link.read.1.tlog
e:\gasmonitor\src\server\objs\gasmonitorserver\win32\release\gasmonitorserver.tlog\link.write.1.tlog
e:\gasmonitor\src\server\objs\gasmonitorserver\win32\release\gasmonitorserver.tlog\rc.command.1.tlog
e:\gasmonitor\src\server\objs\gasmonitorserver\win32\release\gasmonitorserver.tlog\rc.read.1.tlog
e:\gasmonitor\src\server\objs\gasmonitorserver\win32\release\gasmonitorserver.tlog\rc.write.1.tlog
