e:\gasmonitor\src\server\objs\gasmonitorserver\win32\debug\vc140.pdb
e:\gasmonitor\src\server\objs\gasmonitorserver\win32\debug\message_get_device_data_rep.obj
e:\gasmonitor\src\server\objs\gasmonitorserver\win32\debug\message_get_device_data_count_req.obj
e:\gasmonitor\src\server\objs\gasmonitorserver\win32\debug\message_get_device_data_count_rep.obj
e:\gasmonitor\src\server\objs\gasmonitorserver\win32\debug\message_get_devices_info_req.obj
e:\gasmonitor\src\server\objs\gasmonitorserver\win32\debug\message_get_devices_info_rep.obj
e:\gasmonitor\src\server\objs\gasmonitorserver\win32\debug\message_error_info.obj
e:\gasmonitor\src\server\objs\gasmonitorserver\win32\debug\message_device_realtime_data_item.obj
e:\gasmonitor\src\server\objs\gasmonitorserver\win32\debug\message_device_realtime_data.obj
e:\gasmonitor\src\server\objs\gasmonitorserver\win32\debug\message_device_realtime_batched_data.obj
e:\gasmonitor\src\server\objs\gasmonitorserver\win32\debug\message_device_item_info.obj
e:\gasmonitor\src\server\objs\gasmonitorserver\win32\debug\message_device_id.obj
e:\gasmonitor\src\server\objs\gasmonitorserver\win32\debug\message_device_data_item.obj
e:\gasmonitor\src\server\objs\gasmonitorserver\win32\debug\message_devices_list_item.obj
e:\gasmonitor\src\server\objs\gasmonitorserver\win32\debug\message_broadcast_device_realtime_data.obj
e:\gasmonitor\src\server\objs\gasmonitorserver\win32\debug\message_broadcast_device_online_status.obj
e:\gasmonitor\src\server\objs\gasmonitorserver\win32\debug\message_body_factory.obj
e:\gasmonitor\src\server\objs\gasmonitorserver\win32\debug\message.obj
e:\gasmonitor\src\server\objs\gasmonitorserver\win32\debug\io_bytearray.obj
e:\gasmonitor\src\server\objs\gasmonitorserver\win32\debug\stack_walker.obj
e:\gasmonitor\src\server\objs\gasmonitorserver\win32\debug\dbg_logger.obj
e:\gasmonitor\src\server\objs\gasmonitorserver\win32\debug\rig.obj
e:\gasmonitor\src\server\objs\gasmonitorserver\win32\debug\oil_field.obj
e:\gasmonitor\src\server\objs\gasmonitorserver\win32\debug\device.obj
e:\gasmonitor\src\server\objs\gasmonitorserver\win32\debug\business_model.obj
e:\gasmonitor\src\server\objs\gasmonitorserver\win32\debug\business_handle_service.obj
e:\gasmonitor\src\server\objs\gasmonitorserver\win32\debug\yxydes2.obj
e:\gasmonitor\src\server\objs\gasmonitorserver\win32\debug\registration.obj
e:\gasmonitor\src\server\objs\gasmonitorserver\win32\debug\global_util.obj
e:\gasmonitor\src\server\objs\gasmonitorserver\win32\debug\message_unrecognized_body_type.obj
e:\gasmonitor\src\server\objs\gasmonitorserver\win32\debug\message_set_device_param.obj
e:\gasmonitor\src\server\objs\gasmonitorserver\win32\debug\message_server_time_beijing.obj
e:\gasmonitor\src\server\objs\gasmonitorserver\win32\debug\message_login_rep.obj
e:\gasmonitor\src\server\objs\gasmonitorserver\win32\debug\message_login.obj
e:\gasmonitor\src\server\objs\gasmonitorserver\win32\debug\message_heartbeat.obj
e:\gasmonitor\src\server\objs\gasmonitorserver\win32\debug\message_header.obj
e:\gasmonitor\src\server\objs\gasmonitorserver\win32\debug\message_get_device_online_status_rep_item.obj
e:\gasmonitor\src\server\objs\gasmonitorserver\win32\debug\message_get_device_online_status_rep.obj
e:\gasmonitor\src\server\objs\gasmonitorserver\win32\debug\message_get_device_online_status.obj
e:\gasmonitor\src\server\objs\gasmonitorserver\win32\debug\message_get_device_list_rep.obj
e:\gasmonitor\src\server\objs\gasmonitorserver\win32\debug\message_get_device_data_req.obj
e:\gasmonitor\src\server\objs\gasmonitorserver\win32\debug\device_tree.obj
e:\gasmonitor\src\server\objs\gasmonitorserver\win32\debug\user_table_model.obj
e:\gasmonitor\src\server\objs\gasmonitorserver\win32\debug\device_table_model.obj
e:\gasmonitor\src\server\objs\gasmonitorserver\win32\debug\form_server_control_panel.obj
e:\gasmonitor\src\server\objs\gasmonitorserver\win32\debug\form_rig_detail.obj
e:\gasmonitor\src\server\objs\gasmonitorserver\win32\debug\form_log_viewer.obj
e:\gasmonitor\src\server\objs\gasmonitorserver\win32\debug\form_devices_container.obj
e:\gasmonitor\src\server\objs\gasmonitorserver\win32\debug\form_rig_device_detail.obj
e:\gasmonitor\src\server\objs\gasmonitorserver\win32\debug\form_registration.obj
e:\gasmonitor\src\server\objs\gasmonitorserver\win32\debug\path_collector.obj
e:\gasmonitor\src\server\objs\gasmonitorserver\win32\debug\task_service.obj
e:\gasmonitor\src\server\objs\gasmonitorserver\win32\debug\tcp_session_message_handler_hub.obj
e:\gasmonitor\src\server\objs\gasmonitorserver\win32\debug\tcp_session.obj
e:\gasmonitor\src\server\objs\gasmonitorserver\win32\debug\socket_service.obj
e:\gasmonitor\src\server\objs\gasmonitorserver\win32\debug\message_handler_hub.obj
e:\gasmonitor\src\server\objs\gasmonitorserver\win32\debug\service_hub.obj
e:\gasmonitor\src\server\objs\gasmonitorserver\win32\debug\log_service.obj
e:\gasmonitor\src\server\objs\gasmonitorserver\win32\debug\db_service.obj
e:\gasmonitor\src\server\objs\gasmonitorserver\win32\debug\configuration_service.obj
e:\gasmonitor\src\server\objs\gasmonitorserver\win32\debug\user.obj
e:\gasmonitor\src\server\objs\gasmonitorserver\win32\debug\windows_service_entry.obj
e:\gasmonitor\src\server\objs\gasmonitorserver\win32\debug\main.obj
e:\gasmonitor\src\server\objs\gasmonitorserver\win32\debug\h2smonitorserver.obj
e:\gasmonitor\src\server\objs\gasmonitorserver\win32\debug\moc_user_table_model.obj
e:\gasmonitor\src\server\objs\gasmonitorserver\win32\debug\moc_structs.obj
e:\gasmonitor\src\server\objs\gasmonitorserver\win32\debug\moc_rig.obj
e:\gasmonitor\src\server\objs\gasmonitorserver\win32\debug\moc_h2smonitorserver.obj
e:\gasmonitor\src\server\objs\gasmonitorserver\win32\debug\moc_form_server_control_panel.obj
e:\gasmonitor\src\server\objs\gasmonitorserver\win32\debug\moc_form_rig_device_detail.obj
e:\gasmonitor\src\server\objs\gasmonitorserver\win32\debug\moc_form_rig_detail.obj
e:\gasmonitor\src\server\objs\gasmonitorserver\win32\debug\moc_form_registration.obj
e:\gasmonitor\src\server\objs\gasmonitorserver\win32\debug\moc_form_log_viewer.obj
e:\gasmonitor\src\server\objs\gasmonitorserver\win32\debug\moc_form_devices_container.obj
e:\gasmonitor\src\server\objs\gasmonitorserver\win32\debug\moc_device_tree_node.obj
e:\gasmonitor\src\server\objs\gasmonitorserver\win32\debug\moc_device_tree_model.obj
e:\gasmonitor\src\server\objs\gasmonitorserver\win32\debug\moc_device_tree.obj
e:\gasmonitor\src\server\objs\gasmonitorserver\win32\debug\moc_device_table_model.obj
e:\gasmonitor\src\server\objs\gasmonitorserver\win32\debug\device_tree_node.obj
e:\gasmonitor\src\server\objs\gasmonitorserver\win32\debug\device_tree_model.obj
e:\gasmonitor\src\server\objs\gasmonitorserver\win32\debug\qrc_h2smonitorserver.obj
e:\gasmonitor\src\server\h2smonitorserver\generatedfiles\debug\moc_h2smonitorserver.cpp
e:\gasmonitor\src\server\h2smonitorserver\generatedfiles\ui_h2smonitorserver.h
e:\gasmonitor\src\server\h2smonitorserver\generatedfiles\debug\moc_device_table_model.cpp
e:\gasmonitor\src\server\h2smonitorserver\generatedfiles\debug\moc_device_tree.cpp
e:\gasmonitor\src\server\h2smonitorserver\generatedfiles\debug\moc_form_rig_detail.cpp
e:\gasmonitor\src\server\h2smonitorserver\generatedfiles\debug\moc_user_table_model.cpp
e:\gasmonitor\src\server\h2smonitorserver\generatedfiles\debug\moc_form_registration.cpp
e:\gasmonitor\src\server\h2smonitorserver\generatedfiles\debug\moc_form_devices_container.cpp
e:\gasmonitor\src\server\h2smonitorserver\generatedfiles\debug\moc_form_rig_device_detail.cpp
e:\gasmonitor\src\server\h2smonitorserver\generatedfiles\debug\moc_form_server_control_panel.cpp
e:\gasmonitor\src\server\h2smonitorserver\generatedfiles\debug\moc_rig.cpp
e:\gasmonitor\src\server\h2smonitorserver\generatedfiles\debug\moc_device_tree_node.cpp
e:\gasmonitor\src\server\h2smonitorserver\generatedfiles\debug\moc_device_tree_model.cpp
e:\gasmonitor\src\server\h2smonitorserver\generatedfiles\debug\moc_structs.cpp
e:\gasmonitor\src\server\h2smonitorserver\generatedfiles\debug\moc_form_log_viewer.cpp
e:\gasmonitor\src\server\h2smonitorserver\generatedfiles\qrc_h2smonitorserver.cpp
e:\gasmonitor\src\server\bin\win32\debug\gasmonitorserver.ilk
e:\gasmonitor\src\server\bin\win32\debug\gasmonitorserver.exe
e:\gasmonitor\src\server\bin\win32\debug\gasmonitorserver.pdb
e:\gasmonitor\src\server\objs\gasmonitorserver\win32\debug\version.res
e:\gasmonitor\src\server\h2smonitorserver\..\bin\win32\debug\gasmonitorserver.pdb
e:\gasmonitor\src\server\h2smonitorserver\..\bin\win32\debug\gasmonitorserver.exe
e:\gasmonitor\src\server\h2smonitorserver\..\bin\win32\debug\gasmonitorserver.ilk
e:\gasmonitor\src\server\objs\gasmonitorserver\win32\debug\gasmonitorserver.tlog\cl.command.1.tlog
e:\gasmonitor\src\server\objs\gasmonitorserver\win32\debug\gasmonitorserver.tlog\cl.read.1.tlog
e:\gasmonitor\src\server\objs\gasmonitorserver\win32\debug\gasmonitorserver.tlog\cl.write.1.tlog
e:\gasmonitor\src\server\objs\gasmonitorserver\win32\debug\gasmonitorserver.tlog\custombuild.command.1.tlog
e:\gasmonitor\src\server\objs\gasmonitorserver\win32\debug\gasmonitorserver.tlog\custombuild.read.1.tlog
e:\gasmonitor\src\server\objs\gasmonitorserver\win32\debug\gasmonitorserver.tlog\custombuild.write.1.tlog
e:\gasmonitor\src\server\objs\gasmonitorserver\win32\debug\gasmonitorserver.tlog\link.command.1.tlog
e:\gasmonitor\src\server\objs\gasmonitorserver\win32\debug\gasmonitorserver.tlog\link.read.1.tlog
e:\gasmonitor\src\server\objs\gasmonitorserver\win32\debug\gasmonitorserver.tlog\link.write.1.tlog
e:\gasmonitor\src\server\objs\gasmonitorserver\win32\debug\gasmonitorserver.tlog\rc.command.1.tlog
e:\gasmonitor\src\server\objs\gasmonitorserver\win32\debug\gasmonitorserver.tlog\rc.read.1.tlog
e:\gasmonitor\src\server\objs\gasmonitorserver\win32\debug\gasmonitorserver.tlog\rc.write.1.tlog
